#
# There is insufficient memory for the Java Runtime Environment to continue.
# Native memory allocation (malloc) failed to allocate 32744 bytes for ChunkPool::allocate
# Possible reasons:
#   The system is out of physical RAM or swap space
#   The process is running with CompressedOops enabled, and the Java Heap may be blocking the growth of the native heap
# Possible solutions:
#   Reduce memory load on the system
#   Increase physical memory or swap space
#   Check if swap backing store is full
#   Decrease Java heap size (-Xmx/-Xms)
#   Decrease number of Java threads
#   Decrease Java thread stack sizes (-Xss)
#   Set larger code cache with -XX:ReservedCodeCacheSize=
#   JVM is running with Unscaled Compressed Oops mode in which the Java heap is
#     placed in the first 4GB address space. The Java Heap base address is the
#     maximum limit for the native heap growth. Please use -XX:HeapBaseMinAddress
#     to set the Java Heap base and to place the Java Heap above 4GB virtual address.
# This output file may be truncated or incomplete.
#
#  Out of Memory Error (allocation.cpp:273), pid=9688, tid=0x00000000000014f4
#
# JRE version: Java(TM) SE Runtime Environment (8.0_192-b12) (build 1.8.0_192-b12)
# Java VM: Java HotSpot(TM) 64-Bit Server VM (25.192-b12 mixed mode windows-amd64 compressed oops)
# Failed to write core dump. Minidumps are not enabled by default on client versions of Windows
#

---------------  T H R E A D  ---------------

Current thread (0x00000000175d2000):  JavaThread "C2 CompilerThread0" daemon [_thread_in_native, id=5364, stack(0x0000000017f10000,0x0000000018010000)]

Stack: [0x0000000017f10000,0x0000000018010000]
[error occurred during error reporting (printing stack bounds), id 0xc0000005]

Native frames: (J=compiled Java code, j=interpreted, Vv=VM code, C=native code)


Current CompileTask:
C2:  12952 2016       4      
[error occurred during error reporting (printing current compile task), id 0xe0000001]


---------------  P R O C E S S  ---------------

Java Threads: ( => current thread )
  0x00000000175e5000 JavaThread "Service Thread" daemon [_thread_blocked, id=12892, stack(0x0000000018010000,0x0000000018110000)]
  0x00000000175db000 JavaThread "C1 CompilerThread2" daemon [_thread_blocked, id=5376, stack(0x0000000018130000,0x0000000018230000)]
  0x00000000175d3000 JavaThread "C2 CompilerThread1" daemon [_thread_blocked, id=6656, stack(0x0000000017df0000,0x0000000017ef0000)]
=>0x00000000175d2000 JavaThread "C2 CompilerThread0" daemon [_thread_in_native, id=5364, stack(0x0000000017f10000,0x0000000018010000)]
  0x000000000726a800 JavaThread "JDWP Command Reader" daemon [_thread_in_native, id=11004, stack(0x00000000173d0000,0x00000000174d0000)]
  0x0000000007267800 JavaThread "JDWP Event Helper Thread" daemon [_thread_blocked, id=10260, stack(0x0000000017210000,0x0000000017310000)]
  0x000000000725e800 JavaThread "JDWP Transport Listener: dt_socket" daemon [_thread_blocked, id=8616, stack(0x00000000174d0000,0x00000000175d0000)]
  0x0000000005fd7000 JavaThread "Attach Listener" daemon [_thread_blocked, id=2584, stack(0x0000000006dc0000,0x0000000006ec0000)]
  0x0000000005fdf000 JavaThread "Signal Dispatcher" daemon [_thread_blocked, id=11344, stack(0x0000000007760000,0x0000000007860000)]
  0x0000000005fc0000 JavaThread "Finalizer" daemon [_thread_blocked, id=9492, stack(0x0000000007130000,0x0000000007230000)]
  0x0000000005fb8800 JavaThread "Reference Handler" daemon [_thread_blocked, id=9360, stack(0x0000000007000000,0x0000000007100000)]
  0x0000000001cfe000 JavaThread "main" [_thread_blocked, id=2600, stack(0x0000000002600000,0x0000000002700000)]

Other Threads:
  0x0000000005f71000 VMThread [stack: 0x0000000006ed0000,0x0000000006fd0000] [id=10848]
  0x0000000017697800 WatcherThread [stack: 0x0000000018330000,0x0000000018430000] [id=10804]

VM state:at safepoint (normal execution)

VM Mutex/Monitor currently owned by a thread:  ([mutex/lock_event])
[0x0000000001cfbd10] Threads_lock - owner thread: 0x0000000005f71000

OutOfMemory and StackOverflow Exception counts:
OutOfMemoryError java_heap_errors=1

heap address: 0x00000000c4e00000, size: 946 MB, Compressed Oops mode: 32-bit
Narrow klass base: 0x0000000000000000, Narrow klass shift: 0
Compressed class space size: 1073741824 Address: 0x000000007fff0000

Heap:
 PSYoungGen      total 64000K, used 24731K [0x00000000ec500000, 0x00000000f0600000, 0x0000000100000000)
  eden space 61440K, 40% used [0x00000000ec500000,0x00000000edd26da8,0x00000000f0100000)
  from space 2560K, 0% used [0x00000000f0380000,0x00000000f0380000,0x00000000f0600000)
  to   space 2560K, 0% used [0x00000000f0100000,0x00000000f0100000,0x00000000f0380000)
 ParOldGen       total 34816K, used 9901K [0x00000000c4e00000, 0x00000000c7000000, 0x00000000ec500000)
  object space 34816K, 28% used [0x00000000c4e00000,0x00000000c57ab528,0x00000000c7000000)
 Metaspace       used 22224K, capacity 22576K, committed 22704K, reserved 1069056K
  class space    used 2713K, capacity 2801K, committed 2816K, reserved 1048576K

Card table byte_map: [0x0000000002bc0000,0x0000000002da0000] byte_map_base: 0x0000000002599000

Marking Bits: (ParMarkBitMap*) 0x0000000008183ce0
 Begin Bits: [0x0000000003670000, 0x0000000004538000)
 End Bits:   [0x0000000004538000, 0x0000000005400000)

Polling page: 0x0000000000130000

CodeCache: size=245760Kb used=7452Kb max_used=7812Kb free=238307Kb
 bounds [0x0000000008210000, 0x00000000089c0000, 0x0000000017210000]
 total_blobs=2316 nmethods=1954 adapters=282
 compilation: enabled

Compilation events (10 events):
Event: 12.894 Thread 0x00000000175db000 2105       3       org.springframework.util.CompositeIterator::hasNext (50 bytes)
Event: 12.895 Thread 0x00000000175db000 nmethod 2105 0x0000000008345950 code [0x0000000008345b00, 0x0000000008346158]
Event: 12.895 Thread 0x00000000175db000 2106       3       org.springframework.util.CompositeIterator::next (63 bytes)
Event: 12.896 Thread 0x00000000175db000 nmethod 2106 0x0000000008426c90 code [0x0000000008426e80, 0x0000000008427638]
Event: 12.916 Thread 0x00000000175db000 2107       3       java.util.Collections::swap (25 bytes)
Event: 12.916 Thread 0x00000000175db000 nmethod 2107 0x000000000839ac50 code [0x000000000839ade0, 0x000000000839b168]
Event: 12.916 Thread 0x00000000175db000 2108       3       org.springframework.util.ClassUtils::getShortName (50 bytes)
Event: 12.917 Thread 0x00000000175db000 nmethod 2108 0x000000000835b210 code [0x000000000835b420, 0x000000000835bfc8]
Event: 12.917 Thread 0x00000000175db000 2109       1       org.springframework.beans.factory.support.AbstractBeanDefinition::getMethodOverrides (5 bytes)
Event: 12.918 Thread 0x00000000175db000 nmethod 2109 0x000000000843a710 code [0x000000000843a860, 0x000000000843a970]

GC Heap History (10 events):
Event: 3.054 GC heap before
{Heap before GC invocations=3 (full 0):
 PSYoungGen      total 33280K, used 33263K [0x00000000ec500000, 0x00000000ee800000, 0x0000000100000000)
  eden space 30720K, 100% used [0x00000000ec500000,0x00000000ee300000,0x00000000ee300000)
  from space 2560K, 99% used [0x00000000ee580000,0x00000000ee7fbdc0,0x00000000ee800000)
  to   space 2560K, 0% used [0x00000000ee300000,0x00000000ee300000,0x00000000ee580000)
 ParOldGen       total 40960K, used 394K [0x00000000c4e00000, 0x00000000c7600000, 0x00000000ec500000)
  object space 40960K, 0% used [0x00000000c4e00000,0x00000000c4e62920,0x00000000c7600000)
 Metaspace       used 10276K, capacity 10442K, committed 10624K, reserved 1058816K
  class space    used 1253K, capacity 1305K, committed 1408K, reserved 1048576K
Event: 3.096 GC heap after
Heap after GC invocations=3 (full 0):
 PSYoungGen      total 33280K, used 2539K [0x00000000ec500000, 0x00000000f0600000, 0x0000000100000000)
  eden space 30720K, 0% used [0x00000000ec500000,0x00000000ec500000,0x00000000ee300000)
  from space 2560K, 99% used [0x00000000ee300000,0x00000000ee57ad00,0x00000000ee580000)
  to   space 2560K, 0% used [0x00000000f0380000,0x00000000f0380000,0x00000000f0600000)
 ParOldGen       total 40960K, used 2733K [0x00000000c4e00000, 0x00000000c7600000, 0x00000000ec500000)
  object space 40960K, 6% used [0x00000000c4e00000,0x00000000c50ab7a0,0x00000000c7600000)
 Metaspace       used 10276K, capacity 10442K, committed 10624K, reserved 1058816K
  class space    used 1253K, capacity 1305K, committed 1408K, reserved 1048576K
}
Event: 6.015 GC heap before
{Heap before GC invocations=4 (full 0):
 PSYoungGen      total 33280K, used 33259K [0x00000000ec500000, 0x00000000f0600000, 0x0000000100000000)
  eden space 30720K, 100% used [0x00000000ec500000,0x00000000ee300000,0x00000000ee300000)
  from space 2560K, 99% used [0x00000000ee300000,0x00000000ee57ad00,0x00000000ee580000)
  to   space 2560K, 0% used [0x00000000f0380000,0x00000000f0380000,0x00000000f0600000)
 ParOldGen       total 40960K, used 2733K [0x00000000c4e00000, 0x00000000c7600000, 0x00000000ec500000)
  object space 40960K, 6% used [0x00000000c4e00000,0x00000000c50ab7a0,0x00000000c7600000)
 Metaspace       used 13685K, capacity 13834K, committed 14080K, reserved 1060864K
  class space    used 1695K, capacity 1753K, committed 1792K, reserved 1048576K
Event: 6.026 GC heap after
Heap after GC invocations=4 (full 0):
 PSYoungGen      total 64000K, used 2547K [0x00000000ec500000, 0x00000000f0600000, 0x0000000100000000)
  eden space 61440K, 0% used [0x00000000ec500000,0x00000000ec500000,0x00000000f0100000)
  from space 2560K, 99% used [0x00000000f0380000,0x00000000f05fcd98,0x00000000f0600000)
  to   space 2560K, 0% used [0x00000000f0100000,0x00000000f0100000,0x00000000f0380000)
 ParOldGen       total 40960K, used 5925K [0x00000000c4e00000, 0x00000000c7600000, 0x00000000ec500000)
  object space 40960K, 14% used [0x00000000c4e00000,0x00000000c53c9640,0x00000000c7600000)
 Metaspace       used 13685K, capacity 13834K, committed 14080K, reserved 1060864K
  class space    used 1695K, capacity 1753K, committed 1792K, reserved 1048576K
}
Event: 9.132 GC heap before
{Heap before GC invocations=5 (full 0):
 PSYoungGen      total 64000K, used 63987K [0x00000000ec500000, 0x00000000f0600000, 0x0000000100000000)
  eden space 61440K, 100% used [0x00000000ec500000,0x00000000f0100000,0x00000000f0100000)
  from space 2560K, 99% used [0x00000000f0380000,0x00000000f05fcd98,0x00000000f0600000)
  to   space 2560K, 0% used [0x00000000f0100000,0x00000000f0100000,0x00000000f0380000)
 ParOldGen       total 40960K, used 5925K [0x00000000c4e00000, 0x00000000c7600000, 0x00000000ec500000)
  object space 40960K, 14% used [0x00000000c4e00000,0x00000000c53c9640,0x00000000c7600000)
 Metaspace       used 18408K, capacity 18644K, committed 18688K, reserved 1064960K
  class space    used 2235K, capacity 2288K, committed 2304K, reserved 1048576K
Event: 9.143 GC heap after
Heap after GC invocations=5 (full 0):
 PSYoungGen      total 64000K, used 2536K [0x00000000ec500000, 0x00000000f0600000, 0x0000000100000000)
  eden space 61440K, 0% used [0x00000000ec500000,0x00000000ec500000,0x00000000f0100000)
  from space 2560K, 99% used [0x00000000f0100000,0x00000000f037a020,0x00000000f0380000)
  to   space 2560K, 0% used [0x00000000f0380000,0x00000000f0380000,0x00000000f0600000)
 ParOldGen       total 40960K, used 10568K [0x00000000c4e00000, 0x00000000c7600000, 0x00000000ec500000)
  object space 40960K, 25% used [0x00000000c4e00000,0x00000000c5852000,0x00000000c7600000)
 Metaspace       used 18408K, capacity 18644K, committed 18688K, reserved 1064960K
  class space    used 2235K, capacity 2288K, committed 2304K, reserved 1048576K
}
Event: 11.289 GC heap before
{Heap before GC invocations=6 (full 0):
 PSYoungGen      total 64000K, used 28696K [0x00000000ec500000, 0x00000000f0600000, 0x0000000100000000)
  eden space 61440K, 42% used [0x00000000ec500000,0x00000000ede8c158,0x00000000f0100000)
  from space 2560K, 99% used [0x00000000f0100000,0x00000000f037a020,0x00000000f0380000)
  to   space 2560K, 0% used [0x00000000f0380000,0x00000000f0380000,0x00000000f0600000)
 ParOldGen       total 40960K, used 10568K [0x00000000c4e00000, 0x00000000c7600000, 0x00000000ec500000)
  object space 40960K, 25% used [0x00000000c4e00000,0x00000000c5852000,0x00000000c7600000)
 Metaspace       used 20969K, capacity 21220K, committed 21296K, reserved 1069056K
  class space    used 2548K, capacity 2653K, committed 2688K, reserved 1048576K
Event: 11.304 GC heap after
Heap after GC invocations=6 (full 0):
 PSYoungGen      total 64000K, used 2547K [0x00000000ec500000, 0x00000000f0600000, 0x0000000100000000)
  eden space 61440K, 0% used [0x00000000ec500000,0x00000000ec500000,0x00000000f0100000)
  from space 2560K, 99% used [0x00000000f0380000,0x00000000f05fcdc8,0x00000000f0600000)
  to   space 2560K, 0% used [0x00000000f0100000,0x00000000f0100000,0x00000000f0380000)
 ParOldGen       total 40960K, used 13102K [0x00000000c4e00000, 0x00000000c7600000, 0x00000000ec500000)
  object space 40960K, 31% used [0x00000000c4e00000,0x00000000c5acb9a8,0x00000000c7600000)
 Metaspace       used 20969K, capacity 21220K, committed 21296K, reserved 1069056K
  class space    used 2548K, capacity 2653K, committed 2688K, reserved 1048576K
}
Event: 11.304 GC heap before
{Heap before GC invocations=7 (full 1):
 PSYoungGen      total 64000K, used 2547K [0x00000000ec500000, 0x00000000f0600000, 0x0000000100000000)
  eden space 61440K, 0% used [0x00000000ec500000,0x00000000ec500000,0x00000000f0100000)
  from space 2560K, 99% used [0x00000000f0380000,0x00000000f05fcdc8,0x00000000f0600000)
  to   space 2560K, 0% used [0x00000000f0100000,0x00000000f0100000,0x00000000f0380000)
 ParOldGen       total 40960K, used 13102K [0x00000000c4e00000, 0x00000000c7600000, 0x00000000ec500000)
  object space 40960K, 31% used [0x00000000c4e00000,0x00000000c5acb9a8,0x00000000c7600000)
 Metaspace       used 20969K, capacity 21220K, committed 21296K, reserved 1069056K
  class space    used 2548K, capacity 2653K, committed 2688K, reserved 1048576K
Event: 11.442 GC heap after
Heap after GC invocations=7 (full 1):
 PSYoungGen      total 64000K, used 0K [0x00000000ec500000, 0x00000000f0600000, 0x0000000100000000)
  eden space 61440K, 0% used [0x00000000ec500000,0x00000000ec500000,0x00000000f0100000)
  from space 2560K, 0% used [0x00000000f0380000,0x00000000f0380000,0x00000000f0600000)
  to   space 2560K, 0% used [0x00000000f0100000,0x00000000f0100000,0x00000000f0380000)
 ParOldGen       total 34816K, used 9901K [0x00000000c4e00000, 0x00000000c7000000, 0x00000000ec500000)
  object space 34816K, 28% used [0x00000000c4e00000,0x00000000c57ab528,0x00000000c7000000)
 Metaspace       used 20969K, capacity 21220K, committed 21296K, reserved 1069056K
  class space    used 2548K, capacity 2653K, committed 2688K, reserved 1048576K
}

Deoptimization events (10 events):
Event: 8.596 Thread 0x0000000018eba800 Uncommon trap: reason=unstable_if action=reinterpret pc=0x00000000087bedb4 method=com.sun.org.apache.xerces.internal.impl.XMLEntityScanner.skipSpaces()Z @ 125
Event: 8.679 Thread 0x0000000018eba800 Uncommon trap: reason=unstable_if action=reinterpret pc=0x00000000088009c8 method=com.sun.org.apache.xerces.internal.impl.XMLEntityScanner.scanLiteral(ILcom/sun/org/apache/xerces/internal/xni/XMLString;Z)I @ 44
Event: 8.749 Thread 0x0000000018eba800 Uncommon trap: reason=unstable_if action=reinterpret pc=0x000000000885284c method=com.sun.org.apache.xerces.internal.util.SymbolTable.addSymbol([CII)Ljava/lang/String; @ 38
Event: 9.509 Thread 0x0000000018eba800 Uncommon trap: reason=class_check action=maybe_recompile pc=0x00000000085de70c method=java.util.regex.Matcher.search(I)Z @ 86
Event: 12.665 Thread 0x0000000001cfe000 Uncommon trap: reason=predicate action=maybe_recompile pc=0x0000000008342e40 method=java.util.AbstractCollection.toArray([Ljava/lang/Object;)[Ljava/lang/Object; @ 49
Event: 12.700 Thread 0x0000000001cfe000 Uncommon trap: reason=array_check action=maybe_recompile pc=0x0000000008326ae8 method=java.util.AbstractCollection.toArray([Ljava/lang/Object;)[Ljava/lang/Object; @ 119
Event: 12.700 Thread 0x0000000001cfe000 Uncommon trap: reason=array_check action=maybe_recompile pc=0x0000000008326ae8 method=java.util.AbstractCollection.toArray([Ljava/lang/Object;)[Ljava/lang/Object; @ 119
Event: 12.701 Thread 0x0000000001cfe000 Uncommon trap: reason=array_check action=maybe_recompile pc=0x0000000008326ae8 method=java.util.AbstractCollection.toArray([Ljava/lang/Object;)[Ljava/lang/Object; @ 119
Event: 12.701 Thread 0x0000000001cfe000 Uncommon trap: reason=array_check action=maybe_recompile pc=0x0000000008326ae8 method=java.util.AbstractCollection.toArray([Ljava/lang/Object;)[Ljava/lang/Object; @ 119
Event: 12.816 Thread 0x0000000001cfe000 Uncommon trap: reason=class_check action=maybe_recompile pc=0x0000000008943a18 method=java.util.concurrent.ConcurrentHashMap.putVal(Ljava/lang/Object;Ljava/lang/Object;Z)Ljava/lang/Object; @ 192

Classes redefined (0 events):
No events

Internal exceptions (10 events):
Event: 6.918 Thread 0x0000000001cfe000 Exception <a 'java/lang/ClassNotFoundException': org/springframework/context/annotation/ConfigurationClassPostProcessorBeanInfo> (0x00000000ed0eddd8) thrown at [C:\workspace\8-2-build-windows-amd64-cygwin\jdk8u192\11897\hotspot\src\share\vm\classfile\syst
Event: 6.920 Thread 0x0000000001cfe000 Exception <a 'java/lang/ClassNotFoundException': org/springframework/context/annotation/ConfigurationClassPostProcessorCustomizer> (0x00000000ed10c1d0) thrown at [C:\workspace\8-2-build-windows-amd64-cygwin\jdk8u192\11897\hotspot\src\share\vm\classfile\sy
Event: 6.922 Thread 0x0000000001cfe000 Exception <a 'java/lang/ClassNotFoundException': org/springframework/beans/factory/support/BeanDefinitionRegistryPostProcessorCustomizer> (0x00000000ed13ec60) thrown at [C:\workspace\8-2-build-windows-amd64-cygwin\jdk8u192\11897\hotspot\src\share\vm\class
Event: 6.923 Thread 0x0000000001cfe000 Exception <a 'java/lang/ClassNotFoundException': org/springframework/core/PriorityOrderedCustomizer> (0x00000000ed1556d0) thrown at [C:\workspace\8-2-build-windows-amd64-cygwin\jdk8u192\11897\hotspot\src\share\vm\classfile\systemDictionary.cpp, line 210]
Event: 6.924 Thread 0x0000000001cfe000 Exception <a 'java/lang/ClassNotFoundException': org/springframework/context/ResourceLoaderAwareCustomizer> (0x00000000ed2679c8) thrown at [C:\workspace\8-2-build-windows-amd64-cygwin\jdk8u192\11897\hotspot\src\share\vm\classfile\systemDictionary.cpp, lin
Event: 6.932 Thread 0x0000000001cfe000 Exception <a 'java/lang/ClassNotFoundException': org/springframework/beans/factory/BeanClassLoaderAwareCustomizer> (0x00000000ed282be0) thrown at [C:\workspace\8-2-build-windows-amd64-cygwin\jdk8u192\11897\hotspot\src\share\vm\classfile\systemDictionary.c
Event: 6.933 Thread 0x0000000001cfe000 Exception <a 'java/lang/ClassNotFoundException': org/springframework/context/EnvironmentAwareCustomizer> (0x00000000ed29aed0) thrown at [C:\workspace\8-2-build-windows-amd64-cygwin\jdk8u192\11897\hotspot\src\share\vm\classfile\systemDictionary.cpp, line 2
Event: 11.001 Thread 0x0000000018eba800 Exception <a 'java/lang/NoSuchFieldError': method resolution failed> (0x00000000edc8ddd8) thrown at [C:\workspace\8-2-build-windows-amd64-cygwin\jdk8u192\11897\hotspot\src\share\vm\prims\methodHandles.cpp, line 1167]
Event: 11.003 Thread 0x0000000018eba800 Exception <a 'java/lang/NoSuchFieldError': method resolution failed> (0x00000000edc9bd38) thrown at [C:\workspace\8-2-build-windows-amd64-cygwin\jdk8u192\11897\hotspot\src\share\vm\prims\methodHandles.cpp, line 1167]
Event: 12.371 Thread 0x0000000001cfe000 Exception <a 'java/io/FileNotFoundException'> (0x00000000ec9eb180) thrown at [C:\workspace\8-2-build-windows-amd64-cygwin\jdk8u192\11897\hotspot\src\share\vm\prims\jni.cpp, line 709]

Events (10 events):
Event: 12.914 loading class javax/validation/Validator
Event: 12.914 loading class javax/validation/Validator done
Event: 12.915 loading class org/springframework/boot/autoconfigure/web/DispatcherServletAutoConfiguration
Event: 12.915 loading class org/springframework/boot/autoconfigure/web/DispatcherServletAutoConfiguration done
Event: 12.915 loading class org/springframework/boot/autoconfigure/validation/ValidationAutoConfiguration
Event: 12.915 loading class org/springframework/boot/autoconfigure/validation/ValidationAutoConfiguration done
Event: 12.918 loading class org/springframework/validation/beanvalidation/MethodValidationPostProcessor
Event: 12.918 loading class org/springframework/validation/beanvalidation/MethodValidationPostProcessor done
Event: 12.930 loading class org/springframework/validation/beanvalidation/LocalValidatorFactoryBean
Event: 12.930 loading class org/springframework/validation/beanvalidation/LocalValidatorFactoryBean done


Dynamic libraries:
0x000000013f040000 - 0x000000013f077000 	D:\Program Files\Java\jdk1.8.0_192\bin\java.exe
0x0000000077930000 - 0x0000000077acf000 	C:\windows\SYSTEM32\ntdll.dll
0x0000000077810000 - 0x000000007792f000 	C:\windows\system32\kernel32.dll
0x000007fefd7b0000 - 0x000007fefd81a000 	C:\windows\system32\KERNELBASE.dll
0x000007feff450000 - 0x000007feff52b000 	C:\windows\system32\ADVAPI32.dll
0x000007fefdc90000 - 0x000007fefdd2f000 	C:\windows\system32\msvcrt.dll
0x000007feff430000 - 0x000007feff44f000 	C:\windows\SYSTEM32\sechost.dll
0x000007fefe3b0000 - 0x000007fefe4dd000 	C:\windows\system32\RPCRT4.dll
0x0000000077710000 - 0x000000007780a000 	C:\windows\system32\USER32.dll
0x000007feff3c0000 - 0x000007feff427000 	C:\windows\system32\GDI32.dll
0x000007fefd9b0000 - 0x000007fefd9be000 	C:\windows\system32\LPK.dll
0x000007fefdd30000 - 0x000007fefddfb000 	C:\windows\system32\USP10.dll
0x000007fefcd90000 - 0x000007fefcf84000 	C:\windows\WinSxS\amd64_microsoft.windows.common-controls_6595b64144ccf1df_6.0.7601.18837_none_fa3b1e3d17594757\COMCTL32.dll
0x000007feff6f0000 - 0x000007feff761000 	C:\windows\system32\SHLWAPI.dll
0x000007feff390000 - 0x000007feff3be000 	C:\windows\system32\IMM32.DLL
0x000007feff530000 - 0x000007feff639000 	C:\windows\system32\MSCTF.dll
0x00000000551f0000 - 0x00000000552c1000 	D:\Program Files\Java\jdk1.8.0_192\jre\bin\msvcr100.dll
0x0000000007960000 - 0x0000000008203000 	D:\Program Files\Java\jdk1.8.0_192\jre\bin\server\jvm.dll
0x000007fef7510000 - 0x000007fef7519000 	C:\windows\system32\WSOCK32.dll
0x000007fefdbc0000 - 0x000007fefdc0d000 	C:\windows\system32\WS2_32.dll
0x000007feff640000 - 0x000007feff648000 	C:\windows\system32\NSI.dll
0x000007fefd120000 - 0x000007fefd15b000 	C:\windows\system32\WINMM.dll
0x000007fefc590000 - 0x000007fefc59c000 	C:\windows\system32\VERSION.dll
0x0000000077ae0000 - 0x0000000077ae7000 	C:\windows\system32\PSAPI.DLL
0x000007fefb0a0000 - 0x000007fefb0af000 	D:\Program Files\Java\jdk1.8.0_192\jre\bin\verify.dll
0x000007fee7580000 - 0x000007fee75a9000 	D:\Program Files\Java\jdk1.8.0_192\jre\bin\java.dll
0x000007feec9e0000 - 0x000007feeca15000 	D:\Program Files\Java\jdk1.8.0_192\jre\bin\jdwp.dll
0x000007fef72a0000 - 0x000007fef72a8000 	D:\Program Files\Java\jdk1.8.0_192\jre\bin\npt.dll
0x000007fee75b0000 - 0x000007fee75d3000 	D:\Program Files\Java\jdk1.8.0_192\jre\bin\instrument.dll
0x000007feeb350000 - 0x000007feeb366000 	D:\Program Files\Java\jdk1.8.0_192\jre\bin\zip.dll
0x000007fefe4e0000 - 0x000007feff26a000 	C:\windows\system32\SHELL32.dll
0x000007fefde00000 - 0x000007fefdfff000 	C:\windows\system32\ole32.dll
0x000007fefd470000 - 0x000007fefd47f000 	C:\windows\system32\profapi.dll
0x000007fef7290000 - 0x000007fef7299000 	D:\Program Files\Java\jdk1.8.0_192\jre\bin\dt_socket.dll
0x000007fefc930000 - 0x000007fefc985000 	C:\windows\system32\mswsock.dll
0x000007fefbdd0000 - 0x000007fefbdd7000 	C:\windows\System32\wshtcpip.dll
0x000007fefb0b0000 - 0x000007fefb0bd000 	D:\Program Files\Java\jdk1.8.0_192\jre\bin\management.dll
0x000007feead80000 - 0x000007feead9a000 	D:\Program Files\Java\jdk1.8.0_192\jre\bin\net.dll
0x000007fefc920000 - 0x000007fefc927000 	C:\windows\System32\wship6.dll
0x000007fefc0d0000 - 0x000007fefc0e5000 	C:\windows\system32\NLAapi.dll
0x000007fef7210000 - 0x000007fef7225000 	C:\windows\system32\napinsp.dll
0x000007fef71f0000 - 0x000007fef7209000 	C:\windows\system32\pnrpnsp.dll
0x000007fefc7b0000 - 0x000007fefc80b000 	C:\windows\system32\DNSAPI.dll
0x000007fef71e0000 - 0x000007fef71eb000 	C:\windows\System32\winrnr.dll
0x000007fef71d0000 - 0x000007fef71e0000 	C:\windows\system32\wshbth.dll
0x000007fefaf80000 - 0x000007fefafa7000 	C:\windows\system32\IPHLPAPI.DLL
0x000007fefaf70000 - 0x000007fefaf7b000 	C:\windows\system32\WINNSI.DLL
0x000007fef71c0000 - 0x000007fef71c8000 	C:\windows\system32\rasadhlp.dll
0x000007fefa670000 - 0x000007fefa6c3000 	C:\windows\System32\fwpuclnt.dll
0x000007fee7560000 - 0x000007fee7571000 	D:\Program Files\Java\jdk1.8.0_192\jre\bin\nio.dll

VM Arguments:
jvm_args: -agentlib:jdwp=transport=dt_socket,address=127.0.0.1:50163,suspend=y,server=n -ea -Didea.test.cyclic.buffer.size=1048576 -javaagent:C:\Users\v_lvjichao\.IntelliJIdea2018.2\system\captureAgent\debugger-agent.jar=file:/C:/Users/v_lvjichao/AppData/Local/Temp/capture.props -Dfile.encoding=UTF-8 
java_command: com.intellij.rt.execution.junit.JUnitStarter -ideVersion5 -junit4 com.imooc.repository.OrderMasterRepositoryTest,saveTest
java_class_path (initial): D:\Program Files\JetBrains\IntelliJ IDEA 2018.2.5\lib\idea_rt.jar;D:\Program Files\JetBrains\IntelliJ IDEA 2018.2.5\plugins\junit\lib\junit-rt.jar;D:\Program Files\JetBrains\IntelliJ IDEA 2018.2.5\plugins\junit\lib\junit5-rt.jar;D:\Program Files\Java\jdk1.8.0_192\jre\lib\charsets.jar;D:\Program Files\Java\jdk1.8.0_192\jre\lib\deploy.jar;D:\Program Files\Java\jdk1.8.0_192\jre\lib\ext\access-bridge-64.jar;D:\Program Files\Java\jdk1.8.0_192\jre\lib\ext\cldrdata.jar;D:\Program Files\Java\jdk1.8.0_192\jre\lib\ext\dnsns.jar;D:\Program Files\Java\jdk1.8.0_192\jre\lib\ext\jaccess.jar;D:\Program Files\Java\jdk1.8.0_192\jre\lib\ext\jfxrt.jar;D:\Program Files\Java\jdk1.8.0_192\jre\lib\ext\localedata.jar;D:\Program Files\Java\jdk1.8.0_192\jre\lib\ext\nashorn.jar;D:\Program Files\Java\jdk1.8.0_192\jre\lib\ext\sunec.jar;D:\Program Files\Java\jdk1.8.0_192\jre\lib\ext\sunjce_provider.jar;D:\Program Files\Java\jdk1.8.0_192\jre\lib\ext\sunmscapi.jar;D:\Program Files\Java\jdk1.8.0_192\jre\lib\ext\sunpkcs11.jar;D:\Program Files\Java\jdk1.8.0_192\jre\lib\ext\zipfs.jar;D:\Program Files\Java\jdk1.8.0_192\jre\lib\javaws.jar;D:\Program Files\Java\jdk1.8.0_192\jre\lib\jce.jar;D:\Program Files\Java\jdk1.8.0_192\jre\lib\jfr.jar;D:\Program Files\Java\jdk1.8.0_192\jre\lib\jfxswt.jar;D:\Program Files\Java\jdk1.8.0_192\jre\lib\jsse.jar;D:\Program Files\Java\jdk1.8.0_192\jre\lib\management-agent.jar;D:\Program Files\Java\jdk1.8.0_192\jre\lib\plugin.jar;D:\Program Files\Java\jdk1.8.0_192\jre\lib\resources.jar;D:\Program Files\Java\jdk1.8.0_192\jre\lib\rt.jar;C:\Users\v_lvjichao\IdeaProjects\sell\target\test-classes;C:\Users\v_lvjichao\IdeaProjects\sell\target\classes;C:\Users\v_lvjichao\.m2\repository\org\springframework\boot\spring-boot-starter-web\1.5.10.RELEASE\spring-boot-starter-web-1.5.10.RELEASE.jar;C:\Users\v_lvjichao\.m2\repository\org\springframework\boot\spring-boot-starter\1.5.10.RELEASE\spring-boot-starter-1.5.10.RELEASE.jar;C:\Users\v_lvjichao\.m2\repositor
Launcher Type: SUN_STANDARD

Environment Variables:
JAVA_HOME=D:\Program Files\Java\jdk-10.0.1
PATH=C:\ProgramData\Boxstarter;C:\Program Files (x86)\Common Files\Oracle\Java\javapath;D:\Program Files\Java\jdk-10.0.1\bin;D:\Program Files\Python\Scripts\;D:\Program Files\Python\;C:\ProgramData\Oracle\Java\javapath;C:\windows\system32;C:\windows;C:\windows\System32\Wbem;C:\windows\System32\WindowsPowerShell\v1.0\;D:\Program Files\apache-maven-3.5.4\bin;D:\Program Files\android-sdk-windows\tools;D:\Program Files\android-sdk-windows\platform-tools;D:\Program Files (x86)\Appium\node_modules\.bin;C:\Program Files\Lenovo\Fingerprint Manager Pro\;D:\Program Files\android-sdk-windows\build-tools\19.1.0;D:\Program Files\apache-ant-1.10.5\bin;C:\Program Files\Intel\WiFi\bin\;C:\Program Files\Common Files\Intel\WirelessCommon\;C:\ProgramData\chocolatey\bin;D:\Program Files\nodejs\;D:\Program Files\Git\cmd;D:\Program Files\Fiddler;C:\Program Files\Intel\WiFi\bin\;C:\Program Files\Common Files\Intel\WirelessCommon\;C:\Users\v_lvjichao\AppData\Roaming\npm
USERNAME=v_lvjichao
OS=Windows_NT
PROCESSOR_IDENTIFIER=Intel64 Family 6 Model 69 Stepping 1, GenuineIntel



---------------  S Y S T E M  ---------------

OS: Windows 7 , 64 bit Build 7601 (6.1.7601.24291)

CPU:total 4 (initial active 4) (2 cores per cpu, 2 threads per core) family 6 model 69 stepping 1, cmov, cx8, fxsr, mmx, sse, sse2, sse3, ssse3, sse4.1, sse4.2, popcnt, avx, avx2, aes, clmul, erms, rtm, lzcnt, ht, tsc, tscinvbit, bmi1, bmi2

Memory: 4k page, physical 3874624k(53108k free), swap 15496592k(5040k free)

vm_info: Java HotSpot(TM) 64-Bit Server VM (25.192-b12) for windows-amd64 JRE (1.8.0_192-b12), built on Oct  6 2018 17:12:23 by "java_re" with MS VC++ 10.0 (VS2010)

time: Thu Dec 27 11:36:41 2018
timezone: 中国标准时间
elapsed time: 12 seconds (0d 0h 0m 12s)

