JvmtiExport can_access_local_variables 1
JvmtiExport can_hotswap_or_post_breakpoint 1
JvmtiExport can_post_on_exceptions 1
# 207 ciObject found
ciMethod java/lang/Object <init> ()V 4097 1 256119 0 80
ciMethod java/lang/String <init> ([CII)V 4097 1 5783 0 -1
ciMethod java/lang/String equals (Ljava/lang/Object;)Z 4097 20009 4571 0 -1
ciMethod java/lang/String toCharArray ()[C 4097 1 14518 0 -1
ciMethod java/lang/Float valueOf (F)Ljava/lang/Float; 0 0 1 0 0
ciMethod java/lang/Float <init> (F)V 0 0 1 0 -1
ciMethod java/lang/Float intBitsToFloat (I)F 0 0 1 0 -1
ciMethod java/lang/Number <init> ()V 3129 1 5418 0 0
ciMethod java/lang/Double valueOf (D)Ljava/lang/Double; 41 1 6 0 0
ciMethod java/lang/Double <init> (D)V 41 1 6 0 -1
ciMethod java/lang/Double longBitsToDouble (J)D 57 1 7 0 -1
ciMethod java/lang/Integer valueOf (I)Ljava/lang/Integer; 265 1 1529 0 0
ciMethod java/lang/Integer <init> (I)V 2153 1 1537 0 0
ciMethod java/lang/Long valueOf (J)Ljava/lang/Long; 385 1 68 0 0
ciMethod java/lang/Long <init> (J)V 2081 1 261 0 -1
ciMethodData java/lang/Object <init> ()V 2 256119 orig 264 8 131 244 7 0 0 0 0 128 4 94 5 0 0 0 0 32 1 0 0 0 0 0 0 0 0 0 0 0 0 0 0 0 0 0 0 0 0 0 0 0 0 0 0 0 0 0 0 0 0 0 0 0 0 0 0 0 0 0 0 0 0 0 0 0 0 0 0 0 0 0 0 0 0 0 0 0 0 0 0 77 68 79 32 101 120 116 114 97 32 100 97 116 97 32 108 111 99 107 0 0 0 0 0 0 0 0 0 0 0 0 0 0 0 0 0 0 0 0 0 0 0 0 0 0 0 0 0 0 0 0 0 0 0 0 0 0 0 0 0 0 0 0 0 0 0 0 0 0 0 0 0 0 0 0 0 0 0 0 0 0 0 0 0 0 0 0 0 0 0 0 0 0 0 0 0 0 0 0 0 0 0 0 0 0 0 0 0 0 0 0 0 0 0 0 0 0 0 0 0 0 0 0 0 0 0 0 0 0 0 0 0 0 0 0 0 0 2 0 0 185 51 31 0 1 0 0 0 0 0 0 0 0 0 0 0 2 0 0 0 0 0 0 0 0 0 0 0 0 0 0 0 255 255 255 255 0 0 0 0 0 0 0 0 data 0 oops 0
ciMethodData java/lang/Number <init> ()V 2 5418 orig 264 8 131 244 7 0 0 0 0 160 16 104 5 0 0 0 0 48 1 0 0 0 0 0 0 0 0 0 0 0 0 0 0 0 0 0 0 0 0 0 0 0 0 0 0 0 0 0 0 0 0 0 0 0 0 0 0 0 0 0 0 0 0 0 0 0 0 0 0 0 0 0 0 0 0 0 0 0 0 0 0 77 68 79 32 101 120 116 114 97 32 100 97 116 97 32 108 111 99 107 0 0 0 0 0 0 0 0 0 0 0 0 0 0 0 0 0 0 0 0 0 0 0 0 0 0 0 0 0 0 0 0 0 0 0 0 0 0 0 0 0 0 0 0 0 0 0 0 0 0 0 0 0 0 0 0 0 0 0 0 0 0 0 0 0 0 0 0 0 0 0 0 0 0 0 0 0 0 0 0 0 0 0 0 0 0 0 0 0 0 0 0 0 0 0 0 0 0 0 0 0 0 0 0 0 0 0 0 0 0 0 0 0 0 0 0 0 134 1 0 0 25 157 0 0 1 0 0 0 0 0 0 0 0 0 0 0 2 0 0 0 0 0 3 0 2 0 0 0 16 0 0 0 255 255 255 255 2 0 1 0 0 0 0 0 data 2 0x10002 0x13a3 oops 0
ciMethodData java/lang/Integer valueOf (I)Ljava/lang/Integer; 2 1529 orig 264 8 131 244 7 0 0 0 0 240 126 104 5 0 0 0 0 112 1 0 0 32 0 0 0 0 0 0 0 0 0 0 0 0 0 0 0 0 0 0 0 0 0 0 0 0 0 0 0 0 0 0 0 0 0 0 0 0 0 0 0 0 0 0 0 0 0 0 0 0 0 0 0 0 0 0 0 0 0 0 0 77 68 79 32 101 120 116 114 97 32 100 97 116 97 32 108 111 99 107 0 0 0 0 0 0 0 0 0 0 0 0 0 0 0 0 0 0 0 0 0 0 0 0 0 0 0 0 0 0 0 0 0 0 0 0 0 0 0 0 0 0 0 0 0 0 0 0 0 0 0 0 0 0 0 0 0 0 0 0 0 0 0 0 0 0 0 0 0 0 0 0 0 0 0 0 0 0 0 0 0 0 0 0 0 0 0 0 0 0 0 0 0 0 0 0 0 0 0 0 0 0 0 0 0 0 0 0 0 0 0 0 0 0 0 0 0 33 0 0 0 193 46 0 0 1 0 0 0 0 0 0 0 0 0 0 0 2 0 0 0 0 0 8 0 2 0 0 0 80 0 0 0 255 255 255 255 7 0 3 0 0 0 0 0 data 10 0x30007 0x17c 0x40 0x45c 0xa0007 0x35f 0x20 0xfd 0x1c0002 0x4db oops 0
ciMethodData java/lang/Integer <init> (I)V 2 1537 orig 264 8 131 244 7 0 0 0 0 144 127 104 5 0 0 0 0 56 1 0 0 0 0 0 0 0 0 0 0 0 0 0 0 0 0 0 0 0 0 0 0 0 0 0 0 0 0 0 0 0 0 0 0 0 0 0 0 0 0 0 0 0 0 0 0 0 0 0 0 0 0 0 0 0 0 0 0 0 0 0 0 77 68 79 32 101 120 116 114 97 32 100 97 116 97 32 108 111 99 107 0 0 0 0 0 0 0 0 0 0 0 0 0 0 0 0 0 0 0 0 0 0 0 0 0 0 0 0 0 0 0 0 0 0 0 0 0 0 0 0 0 0 0 0 0 0 0 0 0 0 0 0 0 0 0 0 0 0 0 0 0 0 0 0 0 0 0 0 0 0 0 0 0 0 0 0 0 0 0 0 0 0 0 0 0 0 0 0 0 0 0 0 0 0 0 0 0 0 0 0 0 0 0 0 0 0 0 0 0 0 0 0 0 0 0 0 0 13 1 0 0 161 39 0 0 1 0 0 0 0 0 0 0 0 0 0 0 2 0 0 0 0 0 3 0 2 0 0 0 16 0 0 0 255 255 255 255 2 0 1 0 0 0 0 0 data 2 0x10002 0x4f4 oops 0
ciMethod org/springframework/asm/ClassReader readCode (Lorg/springframework/asm/MethodVisitor;Lorg/springframework/asm/Context;I)V 1041 50105 788 0 -1
ciMethod org/springframework/asm/ClassReader readTypeAnnotations (Lorg/springframework/asm/MethodVisitor;Lorg/springframework/asm/Context;IZ)[I 0 0 1 0 -1
ciMethod org/springframework/asm/ClassReader readAnnotationTarget (Lorg/springframework/asm/Context;I)I 0 0 1 0 -1
ciMethod org/springframework/asm/ClassReader readAnnotationValues (I[CZLorg/springframework/asm/AnnotationVisitor;)I 897 241 1061 0 -1
ciMethod org/springframework/asm/ClassReader getImplicitFrame (Lorg/springframework/asm/Context;)V 0 0 1 0 -1
ciMethod org/springframework/asm/ClassReader readFrame (IZZLorg/springframework/asm/Context;)I 1209 3729 637 0 -1
ciMethod org/springframework/asm/ClassReader readFrameType ([Ljava/lang/Object;II[C[Lorg/springframework/asm/Label;)I 3097 1 1479 0 -1
ciMethod org/springframework/asm/ClassReader readLabel (I[Lorg/springframework/asm/Label;)Lorg/springframework/asm/Label; 2761 1 2204 0 0
ciMethod org/springframework/asm/ClassReader readByte (I)I 33 1 14 0 0
ciMethod org/springframework/asm/ClassReader readUnsignedShort (I)I 2193 1 30920 0 208
ciMethod org/springframework/asm/ClassReader readShort (I)S 2145 1 1412 0 0
ciMethod org/springframework/asm/ClassReader readInt (I)I 2129 1 1320 0 240
ciMethod org/springframework/asm/ClassReader readLong (I)J 49 1 6 0 0
ciMethod org/springframework/asm/ClassReader readUTF8 (I[C)Ljava/lang/String; 2185 1 5562 0 752
ciMethod org/springframework/asm/ClassReader readUTF (II[C)Ljava/lang/String; 1137 23281 952 0 3088
ciMethod org/springframework/asm/ClassReader readStringish (I[C)Ljava/lang/String; 2129 1 6223 0 0
ciMethod org/springframework/asm/ClassReader readClass (I[C)Ljava/lang/String; 2129 1 6223 0 0
ciMethod org/springframework/asm/ClassReader readConst (I[C)Ljava/lang/Object; 1105 1 490 0 0
ciMethod org/springframework/asm/MethodVisitor visitAttribute (Lorg/springframework/asm/Attribute;)V 0 0 1 0 -1
ciMethod org/springframework/asm/MethodVisitor visitFrame (II[Ljava/lang/Object;I[Ljava/lang/Object;)V 2049 1 637 0 0
ciMethod org/springframework/asm/MethodVisitor visitInsn (I)V 2217 1 2032 0 0
ciMethod org/springframework/asm/MethodVisitor visitIntInsn (II)V 1161 1 143 0 0
ciMethod org/springframework/asm/MethodVisitor visitVarInsn (II)V 2049 1 3865 0 0
ciMethod org/springframework/asm/MethodVisitor visitTypeInsn (ILjava/lang/String;)V 2089 1 571 0 0
ciMethod org/springframework/asm/MethodVisitor visitFieldInsn (ILjava/lang/String;Ljava/lang/String;Ljava/lang/String;)V 2081 1 814 0 0
ciMethod org/springframework/asm/MethodVisitor visitMethodInsn (ILjava/lang/String;Ljava/lang/String;Ljava/lang/String;)V 0 0 1 0 -1
ciMethod org/springframework/asm/MethodVisitor visitMethodInsn (ILjava/lang/String;Ljava/lang/String;Ljava/lang/String;Z)V 3089 1 2730 0 0
ciMethod org/springframework/asm/MethodVisitor visitInvokeDynamicInsn (Ljava/lang/String;Ljava/lang/String;Lorg/springframework/asm/Handle;[Ljava/lang/Object;)V 57 1 7 0 0
ciMethod org/springframework/asm/MethodVisitor visitJumpInsn (ILorg/springframework/asm/Label;)V 3105 1 705 0 0
ciMethod org/springframework/asm/MethodVisitor visitLabel (Lorg/springframework/asm/Label;)V 2057 1 678 0 0
ciMethod org/springframework/asm/MethodVisitor visitLdcInsn (Ljava/lang/Object;)V 2105 1 436 0 0
ciMethod org/springframework/asm/MethodVisitor visitIincInsn (II)V 81 1 8 0 0
ciMethod org/springframework/asm/MethodVisitor visitTableSwitchInsn (IILorg/springframework/asm/Label;[Lorg/springframework/asm/Label;)V 0 0 1 0 -1
ciMethod org/springframework/asm/MethodVisitor visitLookupSwitchInsn (Lorg/springframework/asm/Label;[I[Lorg/springframework/asm/Label;)V 9 1 1 0 -1
ciMethod org/springframework/asm/MethodVisitor visitMultiANewArrayInsn (Ljava/lang/String;I)V 0 0 1 0 -1
ciMethod org/springframework/asm/MethodVisitor visitInsnAnnotation (ILorg/springframework/asm/TypePath;Ljava/lang/String;Z)Lorg/springframework/asm/AnnotationVisitor; 0 0 1 0 -1
ciMethod org/springframework/asm/MethodVisitor visitTryCatchBlock (Lorg/springframework/asm/Label;Lorg/springframework/asm/Label;Lorg/springframework/asm/Label;Ljava/lang/String;)V 209 1 22 0 0
ciMethod org/springframework/asm/MethodVisitor visitLocalVariable (Ljava/lang/String;Ljava/lang/String;Ljava/lang/String;Lorg/springframework/asm/Label;Lorg/springframework/asm/Label;I)V 0 0 1 0 -1
ciMethod org/springframework/asm/MethodVisitor visitLocalVariableAnnotation (ILorg/springframework/asm/TypePath;[Lorg/springframework/asm/Label;[Lorg/springframework/asm/Label;[ILjava/lang/String;Z)Lorg/springframework/asm/AnnotationVisitor; 0 0 1 0 -1
ciMethod org/springframework/asm/MethodVisitor visitLineNumber (ILorg/springframework/asm/Label;)V 1081 1 1 0 -1
ciMethod org/springframework/asm/MethodVisitor visitMaxs (II)V 2049 1 788 0 0
ciMethod org/springframework/asm/Attribute read (Lorg/springframework/asm/ClassReader;II[CI[Lorg/springframework/asm/Label;)Lorg/springframework/asm/Attribute; 0 0 1 0 -1
ciMethod org/springframework/asm/Type <init> (I[CII)V 641 1 685 0 -1
ciMethod org/springframework/asm/Type getObjectType (Ljava/lang/String;)Lorg/springframework/asm/Type; 129 1 75 0 0
ciMethod org/springframework/asm/Type getMethodType (Ljava/lang/String;)Lorg/springframework/asm/Type; 113 1 14 0 0
ciMethod org/springframework/asm/Type getType ([CI)Lorg/springframework/asm/Type; 841 16961 828 0 -1
ciMethod org/springframework/asm/Label <init> ()V 1801 1 1466 0 0
ciMethodData org/springframework/asm/ClassReader readUnsignedShort (I)I 2 30920 orig 264 8 131 244 7 0 0 0 0 40 94 195 5 0 0 0 0 40 1 0 0 0 0 0 0 0 0 0 0 0 0 0 0 0 0 0 0 0 0 0 0 0 0 0 0 0 0 0 0 0 0 0 0 0 0 0 0 0 0 0 0 0 0 0 0 0 0 0 0 0 0 0 0 0 0 0 0 0 0 0 0 77 68 79 32 101 120 116 114 97 32 100 97 116 97 32 108 111 99 107 0 0 0 0 0 0 0 0 0 0 0 0 0 0 0 0 0 0 0 0 0 0 0 0 0 0 0 0 0 0 0 0 0 0 0 0 0 0 0 0 0 0 0 0 0 0 0 0 0 0 0 0 0 0 0 0 0 0 0 0 0 0 0 0 0 0 0 0 0 0 0 0 0 0 0 0 0 0 0 0 0 0 0 0 0 0 0 0 0 0 0 0 0 0 0 0 0 0 0 0 0 0 0 0 0 0 0 0 0 0 0 0 0 0 0 0 0 18 1 0 0 177 189 3 0 1 0 0 0 0 0 0 0 0 0 0 0 2 0 0 0 0 0 3 0 1 0 0 0 0 0 0 0 255 255 255 255 0 0 0 0 0 0 0 0 data 0 oops 0
ciMethodData org/springframework/asm/ClassReader readUTF8 (I[C)Ljava/lang/String; 2 5562 orig 264 8 131 244 7 0 0 0 0 208 97 195 5 0 0 0 0 88 2 0 0 112 0 0 0 0 0 0 0 0 0 0 0 0 0 0 0 0 0 0 0 0 0 0 0 0 0 0 0 0 0 0 0 0 0 0 0 0 0 0 0 0 0 0 0 0 0 0 0 0 0 0 0 0 0 0 0 0 0 0 0 77 68 79 32 101 120 116 114 97 32 100 97 116 97 32 108 111 99 107 0 0 0 0 0 0 0 0 0 0 0 0 0 0 0 0 0 0 0 0 0 0 0 0 0 0 0 0 0 0 0 0 0 0 0 0 0 0 0 0 0 0 0 0 0 0 0 0 0 0 0 0 0 0 0 0 0 0 0 0 0 0 0 0 0 0 0 0 0 0 0 0 0 0 0 0 0 0 0 0 0 0 0 0 0 0 0 0 0 0 0 0 0 0 0 0 0 0 0 0 0 0 0 0 0 0 0 0 0 0 0 0 0 0 0 0 0 17 1 0 0 73 165 0 0 1 0 0 0 0 0 0 0 0 0 0 0 2 0 0 0 0 0 10 0 2 0 0 0 0 1 0 0 255 255 255 255 5 0 2 0 0 0 0 0 data 32 0x20005 0x0 0x1a3080b0 0x14a9 0x0 0x0 0x70007 0x3 0x40 0x14a6 0xb0007 0x14a3 0x20 0x3 0x1a0007 0x621 0x20 0xe82 0x320005 0x0 0x1a3080b0 0x621 0x0 0x0 0x360002 0x621 0x3a0004 0x0 0x175e34b0 0x621 0x0 0x0 oops 3